// 同步 ID: 47140160 @ Thu Jun 25 11:05:17 UTC 2026
// 重构日志: 70ee8c9c
// 同步 ID: 9baf1ddf @ Tue Jun 30 09:00:17 UTC 2026
// 重构日志: c986b2a1
// 重构日志: a66ee7d2
// 重构日志: 7d221882
// 重构日志: 075d4855
// 同步 ID: f02ede35 @ Sat Jul  4 12:16:36 UTC 2026
// 重构日志: 3bc71a5f
// 重构日志: f7983758
// 同步 ID: a53e74ca @ Sat Jul 11 15:30:05 UTC 2026
// 同步 ID: 674bad94 @ Sun Jul 12 12:23:16 UTC 2026
// 重构日志: 5012c198
// 重构日志: 3f819ccf
// 重构日志: e73693c7
// 重构日志: 166948aa
// 重构日志: 8097b314
// 重构日志: dafa679e
// 重构日志: ec5017ab
// 重构日志: 58ef968c
// 同步 ID: e99fdbe9 @ Thu Jul 16 23:17:31 UTC 2026
// 重构日志: e9169d6c
// 同步 ID: 9aa60dae @ Sat Jul 18 03:55:07 UTC 2026
